30: CountryDAO.java: 28-Jul-2016 15:41:12,580: DEBUG: getCountries: fetchig
30: CountryDAO.java: 22-Aug-2016 11:47:05,502: DEBUG: getCountries: fetchig
30: CountryDAO.java: 22-Aug-2016 15:07:23,248: DEBUG: getCountries: fetchig
30: CountryDAO.java: 22-Aug-2016 15:08:15,921: DEBUG: getCountries: fetchig
30: CountryDAO.java: 03-Jan-2017 16:06:41,793: DEBUG: getCountries: fetchig
30: CountryDAO.java: 03-Jan-2017 16:07:31,493: DEBUG: getCountries: fetchig
30: CountryDAO.java: 25-Jul-2018 12:41:59,979: DEBUG: getCountries: fetchig
30: CountryDAO.java: 25-Jul-2018 12:44:15,626: DEBUG: getCountries: fetchig
30: CountryDAO.java: 26-Jul-2018 16:15:55,183: DEBUG: getCountries: fetchig
30: CountryDAO.java: 13-Sep-2018 11:40:45,783: DEBUG: getCountries: fetchig
30: CountryDAO.java: 13-Sep-2018 11:41:37,831: DEBUG: getCountries: fetchig
30: CountryDAO.java: 27-Nov-2018 10:10:38,795: DEBUG: getCountries: fetchig
30: CountryDAO.java: 27-Nov-2018 10:11:32,443: DEBUG: getCountries: fetchig
30: CountryDAO.java: 27-Nov-2018 10:14:29,282: DEBUG: getCountries: fetchig
30: CountryDAO.java: 27-Nov-2018 10:16:29,162: DEBUG: getCountries: fetchig
34: CountryDAO.java: 21-Dec-2020 11:21:17,160: DEBUG: getCountries: fetchig
35: CountryDAO.java: 05-Aug-2021 08:24:19,346: DEBUG: getCountries: fetchig
35: CountryDAO.java: 05-Aug-2021 10:13:49,193: DEBUG: getCountries: fetchig
35: CountryDAO.java: 05-Aug-2021 10:40:53,006: DEBUG: getCountries: fetchig
38: CountryDAO.java: 16-Feb-2022 08:58:38,286: DEBUG: getCountries: fetchig
34: CountryDAO.java: 16-Feb-2022 11:31:36,213: DEBUG: getCountries: fetchig
34: CountryDAO.java: 16-Feb-2022 12:31:23,388: DEBUG: getCountries: fetchig
33: CountryDAO.java: 16-Feb-2022 12:59:08,334: DEBUG: getCountries: fetchig
33: CountryDAO.java: 18-Feb-2022 07:48:03,396: DEBUG: getCountries: fetchig
33: CountryDAO.java: 18-Feb-2022 07:48:25,883: DEBUG: getCountries: fetchig
33: CountryDAO.java: 18-Feb-2022 12:12:07,386: DEBUG: getCountries: fetchig
33: CountryDAO.java: 14-Jun-2022 10:01:43,686: DEBUG: getCountries: fetchig
33: CountryDAO.java: 14-Jun-2022 10:02:07,520: DEBUG: getCountries: fetchig
33: CountryDAO.java: 14-Jun-2022 12:18:42,213: DEBUG: getCountries: fetchig
33: CountryDAO.java: 10-Aug-2022 10:26:47,070: DEBUG: getCountries: fetchig
33: CountryDAO.java: 16-Aug-2022 16:21:02,381: DEBUG: getCountries: fetchig
33: CountryDAO.java: 16-Aug-2022 16:32:08,695: DEBUG: getCountries: fetchig
33: CountryDAO.java: 16-Aug-2022 16:38:28,067: DEBUG: getCountries: fetchig
33: CountryDAO.java: 08-Mar-2023 09:59:02,057: DEBUG: getCountries: fetchig
35: CountryDAO.java: 30-Apr-2023 10:20:43,150: DEBUG: getCountries: fetchig
35: CountryDAO.java: 03-May-2023 12:20:12,470: DEBUG: getCountries: fetchig
37: CountryDAO.java: 03-May-2023 12:43:13,326: DEBUG: getCountries: fetchig
37: CountryDAO.java: 03-Jul-2023 07:06:38,597: DEBUG: getCountries: fetchig
37: CountryDAO.java: 03-Jul-2023 12:39:09,879: DEBUG: getCountries: fetchig
37: CountryDAO.java: 03-Jul-2023 13:00:53,510: DEBUG: getCountries: fetchig
37: CountryDAO.java: 03-Jul-2023 13:01:42,601: DEBUG: getCountries: fetchig
